<?xml version="1.0" encoding="UTF-8" ?>
<testsuites name="vitest tests" tests="37" failures="0" errors="0" time="0.1335199">
    <testsuite name="src/__tests__/alertService.test.ts" timestamp="2026-08-13T13:37:25.015Z" hostname="MCSWKS01006" tests="6" failures="0" errors="0" skipped="0" time="0.0161755">
        <testcase classname="src/__tests__/alertService.test.ts" name="checkAlerts – création alerte &gt; C1 – crée une alerte TEMPERATURE si hors plage et aucune alerte active" time="0.0045605">
            <system-out>
[alert] TEMPERATURE créée — WH-BRA-01 : 33°C hors plage [26-32]

            </system-out>
        </testcase>
        <testcase classname="src/__tests__/alertService.test.ts" name="checkAlerts – envoi email &gt; C2 – envoie un email lors de la création d&apos;alerte" time="0.00115">
            <system-out>
[alert] TEMPERATURE créée — WH-BRA-01 : 33°C hors plage [26-32]

            </system-out>
        </testcase>
        <testcase classname="src/__tests__/alertService.test.ts" name="checkAlerts – déduplication &gt; C3 – ne crée pas de doublon si alerte active existe" time="0.0010903">
            <system-out>
[alert] HUMIDITY résolue — WH-BRA-01

            </system-out>
        </testcase>
        <testcase classname="src/__tests__/alertService.test.ts" name="checkAlerts – résolution &gt; C4 – résout l&apos;alerte active quand la mesure revient dans la plage" time="0.0010031">
            <system-out>
[alert] HUMIDITY résolue — WH-BRA-01

            </system-out>
        </testcase>
        <testcase classname="src/__tests__/alertService.test.ts" name="checkAlerts – pays non configuré &gt; C5 – ignore silencieusement les mesures de pays sans seuil" time="0.000415">
        </testcase>
        <testcase classname="src/__tests__/alertService.test.ts" name="checkAlerts – cycle complet alerte &gt; C_cycle – hors plage → résolution → nouvelle alerte créée" time="0.005502">
            <system-out>
[alert] TEMPERATURE créée — WH-BRA-01 : 33°C hors plage [26-32]

[alert] TEMPERATURE résolue — WH-BRA-01

[alert] TEMPERATURE créée — WH-BRA-01 : 33°C hors plage [26-32]

            </system-out>
        </testcase>
    </testsuite>
    <testsuite name="src/__tests__/email.test.ts" timestamp="2026-08-13T13:37:25.028Z" hostname="MCSWKS01006" tests="5" failures="0" errors="0" skipped="0" time="0.0154166">
        <testcase classname="src/__tests__/email.test.ts" name="sendAlertEmail &gt; D1 – envoie un email pour une alerte TEMPERATURE" time="0.0087474">
            <system-out>
[email] Alerte TEMPERATURE envoyée à responsable.bresil@futurekawa.local

            </system-out>
        </testcase>
        <testcase classname="src/__tests__/email.test.ts" name="sendAlertEmail &gt; D2 – envoie un email pour une alerte HUMIDITY" time="0.0006934">
            <system-out>
[email] Alerte HUMIDITY envoyée à responsable.bresil@futurekawa.local

            </system-out>
        </testcase>
        <testcase classname="src/__tests__/email.test.ts" name="sendAlertEmail &gt; D3 – ne lance pas d&apos;exception si sendMail échoue" time="0.0017902">
            <system-err>
[email] Échec envoi TEMPERATURE — WH-BRA-01 : SMTP error

            </system-err>
        </testcase>
        <testcase classname="src/__tests__/email.test.ts" name="sendAlertEmail &gt; D4 – n&apos;envoie pas d&apos;email si le pays n&apos;a pas de destinataire" time="0.0012243">
            <system-err>
[email] Aucun destinataire configuré pour le pays XYZ, email ignoré.

            </system-err>
        </testcase>
        <testcase classname="src/__tests__/email.test.ts" name="sendAlertEmail &gt; D5 – envoie un email LOT_EXPIRED avec sujet adapté" time="0.0006969">
            <system-out>
[email] Alerte LOT_EXPIRED envoyée à responsable.bresil@futurekawa.local

            </system-out>
        </testcase>
    </testsuite>
    <testsuite name="src/__tests__/lotExpiry.test.ts" timestamp="2026-08-13T13:37:25.030Z" hostname="MCSWKS01006" tests="4" failures="0" errors="0" skipped="0" time="0.0053742">
        <testcase classname="src/__tests__/lotExpiry.test.ts" name="isLotExpired &gt; A3a – 366 jours : lot expiré" time="0.0024044">
        </testcase>
        <testcase classname="src/__tests__/lotExpiry.test.ts" name="isLotExpired &gt; A3b – 365 jours exactement : non expiré (limite non inclusive)" time="0.0002786">
        </testcase>
        <testcase classname="src/__tests__/lotExpiry.test.ts" name="isLotExpired &gt; A3c – 364 jours : non expiré" time="0.0002097">
        </testcase>
        <testcase classname="src/__tests__/lotExpiry.test.ts" name="isLotExpired &gt; A3d – storageDate = now : non expiré" time="0.0002145">
        </testcase>
    </testsuite>
    <testsuite name="src/__tests__/lotExpiryService.test.ts" timestamp="2026-08-13T13:37:25.033Z" hostname="MCSWKS01006" tests="3" failures="0" errors="0" skipped="0" time="0.0148575">
        <testcase classname="src/__tests__/lotExpiryService.test.ts" name="checkExpiredLots &gt; C6a – retourne 0 quand aucun lot expiré" time="0.0054215">
        </testcase>
        <testcase classname="src/__tests__/lotExpiryService.test.ts" name="checkExpiredLots &gt; C6b – marque un lot expiré et crée une alerte LOT_EXPIRED" time="0.0060297">
            <system-out>
[expiry] LOT_EXPIRED créé — lot lot-old (WH-BRA-01) : 366 jours

[expiry] Vérification terminée : 1 nouveau(x) lot(s) expiré(s) (1 lot(s) total dépassant 365 jours)

            </system-out>
        </testcase>
        <testcase classname="src/__tests__/lotExpiryService.test.ts" name="checkExpiredLots &gt; C6c – ne crée pas de doublon si alerte LOT_EXPIRED existe déjà" time="0.0011607">
            <system-out>
[expiry] Vérification terminée : 0 nouveau(x) lot(s) expiré(s) (1 lot(s) total dépassant 365 jours)

            </system-out>
        </testcase>
    </testsuite>
    <testsuite name="src/__tests__/lots.api.test.ts" timestamp="2026-08-13T13:37:25.035Z" hostname="MCSWKS01006" tests="11" failures="0" errors="0" skipped="0" time="0.0735396">
        <testcase classname="src/__tests__/lots.api.test.ts" name="POST /api/lots &gt; B1 – crée un lot et retourne 201 avec le lot" time="0.0313809">
        </testcase>
        <testcase classname="src/__tests__/lots.api.test.ts" name="POST /api/lots &gt; B2 – retourne 400 si warehouseId manquant" time="0.0072719">
        </testcase>
        <testcase classname="src/__tests__/lots.api.test.ts" name="POST /api/lots &gt; B3 – retourne 400 si storageDate invalide" time="0.0039994">
        </testcase>
        <testcase classname="src/__tests__/lots.api.test.ts" name="POST /api/lots &gt; B4 – retourne 409 si lot dupliqué (code P2002)" time="0.0032082">
        </testcase>
        <testcase classname="src/__tests__/lots.api.test.ts" name="GET /api/lots &gt; B5 – retourne la liste avec data et count" time="0.0057142">
        </testcase>
        <testcase classname="src/__tests__/lots.api.test.ts" name="GET /api/lots/:id &gt; retourne 200 avec le lot si trouvé" time="0.0049327">
        </testcase>
        <testcase classname="src/__tests__/lots.api.test.ts" name="GET /api/lots/:id &gt; retourne 404 si lot non trouvé" time="0.0027856">
        </testcase>
        <testcase classname="src/__tests__/lots.api.test.ts" name="GET /api/lots/:id/measurements &gt; retourne les mesures du lot avec structure complète" time="0.0026894">
        </testcase>
        <testcase classname="src/__tests__/lots.api.test.ts" name="GET /api/lots/:id/measurements &gt; retourne 404 si lot non trouvé" time="0.0027314">
        </testcase>
        <testcase classname="src/__tests__/lots.api.test.ts" name="POST /api/lots/check-expiry &gt; appelle checkExpiredLots et retourne expiredCount" time="0.0029978">
        </testcase>
        <testcase classname="src/__tests__/lots.api.test.ts" name="GET /health &gt; retourne 200 avec status ok et service backend-country" time="0.0039732">
        </testcase>
    </testsuite>
    <testsuite name="src/__tests__/thresholds.test.ts" timestamp="2026-08-13T13:37:25.040Z" hostname="MCSWKS01006" tests="8" failures="0" errors="0" skipped="0" time="0.0081565">
        <testcase classname="src/__tests__/thresholds.test.ts" name="getRange &gt; A1a – retourne min = target - tolerance et max = target + tolerance" time="0.0033139">
        </testcase>
        <testcase classname="src/__tests__/thresholds.test.ts" name="getRange &gt; A1b – fonctionne avec tolerance nulle" time="0.0003183">
        </testcase>
        <testcase classname="src/__tests__/thresholds.test.ts" name="COUNTRY_THRESHOLDS BRA &gt; A2a – température BRA : plage 26–32°C" time="0.0002934">
        </testcase>
        <testcase classname="src/__tests__/thresholds.test.ts" name="COUNTRY_THRESHOLDS BRA &gt; A2b – humidité BRA : plage 53–57%" time="0.0002699">
        </testcase>
        <testcase classname="src/__tests__/thresholds.test.ts" name="COUNTRY_THRESHOLDS BRA &gt; A2c – valeurs conforme température (26, 29, 32)" time="0.0004798">
        </testcase>
        <testcase classname="src/__tests__/thresholds.test.ts" name="COUNTRY_THRESHOLDS BRA &gt; A2d – valeurs hors seuil température (25.9, 32.1)" time="0.0003509">
        </testcase>
        <testcase classname="src/__tests__/thresholds.test.ts" name="COUNTRY_THRESHOLDS BRA &gt; A2e – valeurs conforme humidité (53, 55, 57)" time="0.0002458">
        </testcase>
        <testcase classname="src/__tests__/thresholds.test.ts" name="COUNTRY_THRESHOLDS BRA &gt; A2f – valeurs hors seuil humidité (52.9, 57.1)" time="0.0003695">
        </testcase>
    </testsuite>
</testsuites>
